<?xml version="1.0" encoding="UTF-8"?>
<testsuite name="Steps.RunCucumberTest" tests="0" skipped="0" failures="0" errors="0" timestamp="1970-01-01T00:00:00" hostname="DESKTOP-QNT5PS3" time="0.0">
  <properties/>
  <system-out><![CDATA[Feature: deneme

  Scenario: cucumber denemesi                                                          ?[90m# appium.feature:2?[0m
    ?[33mWhen ?[0m?[33muygulamamizi cihazdan acalim?[0m
    ?[33mWhen ?[0m?[33m"46726479218" tc ve "5318823134" telefon bilgisi ile uygulamaya giris yapalim?[0m
    ?[33mAnd ?[0m?[33mlogin butonu kaydirilir?[0m
    #And musteriye ait islemler goruntelenir
    ?[33mAnd ?[0m?[33mkatki payi degisikligi yapilir?[0m
Feature: deneme

  Scenario: cucumber deneme ?[90m# ekin.feature:2?[0m
    ?[33mWhen ?[0m?[33mweb link?[0m
Feature: emeklilik web sayfa testi

  Scenario: login olma ve inceleme yapma                                       ?[90m# ziraatEmeklilikWebTest.feature:2?[0m
    ?[33mGiven ?[0m?[33msu web "https://www.ziraatemeklilik.com.tr/" sayfasina giris yapalim?[0m

3 Scenarios (?[33m3 undefined?[0m)
6 Steps (?[33m6 undefined?[0m)
0m0,000s


You can implement missing steps with the snippets below:

@When("^uygulamamizi cihazdan acalim$")
public void uygulamamizi_cihazdan_acalim() throws Throwable {
    // Write code here that turns the phrase above into concrete actions
    throw new PendingException();
}

@When("^\"(.*?)\" tc ve \"(.*?)\" telefon bilgisi ile uygulamaya giris yapalim$")
public void tc_ve_telefon_bilgisi_ile_uygulamaya_giris_yapalim(String arg1, String arg2) throws Throwable {
    // Write code here that turns the phrase above into concrete actions
    throw new PendingException();
}

@When("^login butonu kaydirilir$")
public void login_butonu_kaydirilir() throws Throwable {
    // Write code here that turns the phrase above into concrete actions
    throw new PendingException();
}

@When("^katki payi degisikligi yapilir$")
public void katki_payi_degisikligi_yapilir() throws Throwable {
    // Write code here that turns the phrase above into concrete actions
    throw new PendingException();
}

@When("^web link$")
public void web_link() throws Throwable {
    // Write code here that turns the phrase above into concrete actions
    throw new PendingException();
}

@Given("^su web \"(.*?)\" sayfasina giris yapalim$")
public void su_web_sayfasina_giris_yapalim(String arg1) throws Throwable {
    // Write code here that turns the phrase above into concrete actions
    throw new PendingException();
}

]]></system-out>
  <system-err><![CDATA[]]></system-err>
</testsuite>
